<?xml version="1.0" encoding="UTF-8"?>
<!-- Generated by org.testng.reporters.JUnitXMLReporter -->
<testsuite hostname="LMTN202461" name="Default test" tests="2" failures="0" timestamp="13 Nov 2014 15:28:30 GMT" time="1.122" errors="0">
  <testcase name="logintest" time="0.143" classname="com.qtpselenium.framework.datadriven.PortFolioTest.LoginTest"/>
  <testcase name="logintest" time="0.098" classname="com.qtpselenium.framework.datadriven.PortFolioTest.LoginTest"/>
</testsuite> <!-- Default test -->
