<?xml version="1.0" encoding="UTF-8"?>
<testsuite hostname="LMTN202461" name="com.qtpselenium.framework.datadriven.suiteB.Test1" tests="3" failures="0" timestamp="15 Dec 2014 23:58:40 GMT" time="0.19" errors="0">
  <testcase name="test1" time="0.06" classname="com.qtpselenium.framework.datadriven.suiteB.Test1">
    <skipped/>
  </testcase>
  <testcase name="test1" time="0.052" classname="com.qtpselenium.framework.datadriven.suiteB.Test1">
    <skipped/>
  </testcase>
  <testcase name="test1" time="0.047" classname="com.qtpselenium.framework.datadriven.suiteB.Test1">
    <skipped/>
  </testcase>
</testsuite>
