<?xml version="1.0" encoding="UTF-8"?>
<testsuite hostname="LMTN202461" name="com.qtpselenium.framework.datadriven.suiteB.Test2" tests="3" failures="0" timestamp="15 Dec 2014 23:58:41 GMT" time="0.178" errors="0">
  <testcase name="test2" time="0.054" classname="com.qtpselenium.framework.datadriven.suiteB.Test2">
    <skipped/>
  </testcase>
  <testcase name="test2" time="0.047" classname="com.qtpselenium.framework.datadriven.suiteB.Test2">
    <skipped/>
  </testcase>
  <testcase name="test2" time="0.045" classname="com.qtpselenium.framework.datadriven.suiteB.Test2">
    <skipped/>
  </testcase>
</testsuite>
