<?xml version="1.0" encoding="UTF-8" ?>
<testsuite tests="9" failures="3" name="TestSuite" time="67.345" errors="0" skipped="6">
  <properties>
[...]
</properties>
  <testcase classname="com.qtpselenium.framework.datadriven.PortFolioTest.LoginTest" name="logintest" time="0.114">
    <failure message="expected:&lt;B&gt; but was:&lt;A&gt;" type="java.lang.AssertionError">java.lang.AssertionError: expected:&lt;B&gt; but was:&lt;A&gt;
	at org.testng.Assert.fail(Assert.java:89)
	at org.testng.Assert.failNotEquals(Assert.java:489)
	at org.testng.Assert.assertEquals(Assert.java:118)
	at org.testng.Assert.assertEquals(Assert.java:171)
	at org.testng.Assert.assertEquals(Assert.java:181)
	at com.qtpselenium.framework.datadriven.PortFolioTest.LoginTest.logintest(LoginTest.java:37)
</failure>
    <system-out>Starting suitePortFolioTest
Starting suitePortFolioTest
^^^^^^^^^^BEFORE TEST^^^^^^^
Filelocation:::C:\Users\othnvun\workspace_framework\TestData\Webdriver_rediff\
Test method name   :::logintest
Total rows:::     24
Test starts from the row number:::     1
Total rows of data are:::   2
Total columns of data are:::   6
Filelocation:::C:\Users\othnvun\workspace_framework\TestData\Webdriver_rediff\
</system-out>
  </testcase>
  <testcase classname="com.qtpselenium.framework.datadriven.PortFolioTest.LoginTest" name="logintest" time="0.077">
    <failure message="expected:&lt;B&gt; but was:&lt;A&gt;" type="java.lang.AssertionError">java.lang.AssertionError: expected:&lt;B&gt; but was:&lt;A&gt;
	at org.testng.Assert.fail(Assert.java:89)
	at org.testng.Assert.failNotEquals(Assert.java:489)
	at org.testng.Assert.assertEquals(Assert.java:118)
	at org.testng.Assert.assertEquals(Assert.java:171)
	at org.testng.Assert.assertEquals(Assert.java:181)
	at com.qtpselenium.framework.datadriven.PortFolioTest.LoginTest.logintest(LoginTest.java:37)
</failure>
    <system-out>Filelocation:::C:\Users\othnvun\workspace_framework\TestData\Webdriver_rediff\
</system-out>
  </testcase>
  <testcase classname="com.qtpselenium.framework.datadriven.PortFolioTest.LeastPerAssetTest" name="leastPerAssetTest" time="66.858">
    <failure message="Element is not currently visible and so may not be interacted with
Command duration or timeout: 30.04 seconds
Build info: version: &apos;2.44.0&apos;, revision: &apos;76d78cf323ce037c5f92db6c1bba601c2ac43ad8&apos;, time: &apos;2014-10-23 13:11:40&apos;
System info: host: &apos;LMTN202461&apos;, ip: &apos;167.74.108.52&apos;, os.name: &apos;Windows 7&apos;, os.arch: &apos;amd64&apos;, os.version: &apos;6.1&apos;, java.version: &apos;1.8.0_25&apos;
Driver info: org.openqa.selenium.firefox.FirefoxDriver
Capabilities [{applicationCacheEnabled=true, rotatable=false, handlesAlerts=true, databaseEnabled=true, version=31.2.0, platform=WINDOWS, nativeEvents=true, acceptSslCerts=true, webStorageEnabled=true, locationContextEnabled=true, browserName=firefox, takesScreenshot=true, javascriptEnabled=true, cssSelectorsEnabled=true}]
Session ID: 78ff4ec2-dde7-4af7-a48f-b389c8164bcd" type="org.openqa.selenium.ElementNotVisibleException">org.openqa.selenium.ElementNotVisibleException: Element is not currently visible and so may not be interacted with
Command duration or timeout: 30.04 seconds
Build info: version: &apos;2.44.0&apos;, revision: &apos;76d78cf323ce037c5f92db6c1bba601c2ac43ad8&apos;, time: &apos;2014-10-23 13:11:40&apos;
System info: host: &apos;LMTN202461&apos;, ip: &apos;167.74.108.52&apos;, os.name: &apos;Windows 7&apos;, os.arch: &apos;amd64&apos;, os.version: &apos;6.1&apos;, java.version: &apos;1.8.0_25&apos;
Driver info: org.openqa.selenium.firefox.FirefoxDriver
Capabilities [{applicationCacheEnabled=true, rotatable=false, handlesAlerts=true, databaseEnabled=true, version=31.2.0, platform=WINDOWS, nativeEvents=true, acceptSslCerts=true, webStorageEnabled=true, locationContextEnabled=true, browserName=firefox, takesScreenshot=true, javascriptEnabled=true, cssSelectorsEnabled=true}]
Session ID: 78ff4ec2-dde7-4af7-a48f-b389c8164bcd
	at sun.reflect.NativeConstructorAccessorImpl.newInstance0(Native Method)
	at sun.reflect.NativeConstructorAccessorImpl.newInstance(NativeConstructorAccessorImpl.java:62)
	at sun.reflect.DelegatingConstructorAccessorImpl.newInstance(DelegatingConstructorAccessorImpl.java:45)
	at java.lang.reflect.Constructor.newInstance(Constructor.java:408)
	at org.openqa.selenium.remote.ErrorHandler.createThrowable(ErrorHandler.java:204)
	at org.openqa.selenium.remote.ErrorHandler.throwIfResponseFailed(ErrorHandler.java:156)
	at org.openqa.selenium.remote.RemoteWebDriver.execute(RemoteWebDriver.java:599)
	at org.openqa.selenium.remote.RemoteWebElement.execute(RemoteWebElement.java:268)
	at org.openqa.selenium.remote.RemoteWebElement.sendKeys(RemoteWebElement.java:89)
	at com.qtpselenium.framework.datadriven.TestBase.input(TestBase.java:138)
	at com.qtpselenium.framework.datadriven.TestBase.dologin(TestBase.java:213)
	at com.qtpselenium.framework.datadriven.PortFolioTest.LeastPerAssetTest.leastPerAssetTest(LeastPerAssetTest.java:23)
Caused by: org.openqa.selenium.ElementNotVisibleException: Element is not currently visible and so may not be interacted with
Build info: version: &apos;2.44.0&apos;, revision: &apos;76d78cf323ce037c5f92db6c1bba601c2ac43ad8&apos;, time: &apos;2014-10-23 13:11:40&apos;
System info: host: &apos;LMTN202461&apos;, ip: &apos;167.74.108.52&apos;, os.name: &apos;Windows 7&apos;, os.arch: &apos;amd64&apos;, os.version: &apos;6.1&apos;, java.version: &apos;1.8.0_25&apos;
Driver info: driver.version: unknown
	at &lt;anonymous class&gt;.fxdriver.preconditions.visible(file:///C:/Users/othnvun/AppData/Local/Temp/anonymous3689981487124151926webdriver-profile/extensions/fxdriver@googlecode.com/components/command-processor.js:8959:5)
	at &lt;anonymous class&gt;.DelayedCommand.prototype.checkPreconditions_(file:///C:/Users/othnvun/AppData/Local/Temp/anonymous3689981487124151926webdriver-profile/extensions/fxdriver@googlecode.com/components/command-processor.js:11618:1)
	at &lt;anonymous class&gt;.DelayedCommand.prototype.executeInternal_/h(file:///C:/Users/othnvun/AppData/Local/Temp/anonymous3689981487124151926webdriver-profile/extensions/fxdriver@googlecode.com/components/command-processor.js:11635:11)
	at &lt;anonymous class&gt;.fxdriver.Timer.prototype.setTimeout/&lt;.notify(file:///C:/Users/othnvun/AppData/Local/Temp/anonymous3689981487124151926webdriver-profile/extensions/fxdriver@googlecode.com/components/command-processor.js:548:5)
</failure>
    <system-out>^^^^^^^^^^BEFORE TEST^^^^^^^
Filelocation:::C:\Users\othnvun\workspace_framework\TestData\Webdriver_rediff\
Test method name   :::leastPerAssetTest
Total rows:::     24
Test starts from the row number:::     7
Total rows of data are:::   1
Total columns of data are:::   5
Filelocation:::C:\Users\othnvun\workspace_framework\TestData\Webdriver_rediff\
</system-out>
    <system-err>log4j:WARN No appenders could be found for logger (org.apache.http.client.protocol.RequestAddCookies).
log4j:WARN Please initialize the log4j system properly.
</system-err>
  </testcase>
  <testcase classname="com.qtpselenium.framework.datadriven.suiteB.Test1" name="test1" time="0.058">
    <skipped/>
    <system-out>Finishing suitePortFolioTest
{logintest Iteration 2=[expected:&lt;B&gt; but was:&lt;A&gt;]-, logintest Iteration 1=[expected:&lt;B&gt; but was:&lt;A&gt;]-, leastPerAssetTest Iteration 1=}
Starting suiteSuite B
Starting suiteSuite B
Filelocation:::C:\Users\othnvun\workspace_framework\TestData\Webdriver_rediff\
Test method name   :::test1
Total rows:::     26
Test starts from the row number:::     1
Total rows of data are:::   3
Total columns of data are:::   5
Filelocation:::C:\Users\othnvun\workspace_framework\TestData\Webdriver_rediff\
</system-out>
    <system-err>Dec 15, 2014 7:58:09 PM org.openqa.selenium.os.UnixProcess$SeleniumWatchDog destroyHarder
INFO: Command failed to close cleanly. Destroying forcefully (v2). org.openqa.selenium.os.UnixProcess$SeleniumWatchDog@312ab28e
</system-err>
  </testcase>
  <testcase classname="com.qtpselenium.framework.datadriven.suiteB.Test1" name="test1" time="0.051">
    <skipped/>
    <system-out>Filelocation:::C:\Users\othnvun\workspace_framework\TestData\Webdriver_rediff\
</system-out>
  </testcase>
  <testcase classname="com.qtpselenium.framework.datadriven.suiteB.Test1" name="test1" time="0.046">
    <skipped/>
    <system-out>Filelocation:::C:\Users\othnvun\workspace_framework\TestData\Webdriver_rediff\
</system-out>
  </testcase>
  <testcase classname="com.qtpselenium.framework.datadriven.suiteB.Test2" name="test2" time="0.05">
    <skipped/>
    <system-out>Filelocation:::C:\Users\othnvun\workspace_framework\TestData\Webdriver_rediff\
Test method name   :::test2
Total rows:::     26
Test starts from the row number:::     7
Total rows of data are:::   3
Total columns of data are:::   6
Filelocation:::C:\Users\othnvun\workspace_framework\TestData\Webdriver_rediff\
</system-out>
  </testcase>
  <testcase classname="com.qtpselenium.framework.datadriven.suiteB.Test2" name="test2" time="0.053">
    <skipped/>
    <system-out>Filelocation:::C:\Users\othnvun\workspace_framework\TestData\Webdriver_rediff\
</system-out>
  </testcase>
  <testcase classname="com.qtpselenium.framework.datadriven.suiteB.Test2" name="test2" time="0.038">
    <skipped/>
    <system-out>Filelocation:::C:\Users\othnvun\workspace_framework\TestData\Webdriver_rediff\
</system-out>
  </testcase>
</testsuite>