<?xml version="1.0" encoding="UTF-8"?>
<!-- Generated by org.testng.reporters.JUnitXMLReporter -->
<testsuite hostname="LMTN202461" name="Test 1" tests="2" failures="0" timestamp="6 Nov 2014 20:34:32 GMT" time="0.933" errors="0">
  <testcase name="logintest" time="0.106" classname="com.qtpselenium.framework.datadriven.PortFolioTest.LoginTest">
    <skipped/>
  </testcase> <!-- logintest -->
  <testcase name="logintest" time="0.097" classname="com.qtpselenium.framework.datadriven.PortFolioTest.LoginTest">
    <skipped/>
  </testcase> <!-- logintest -->
</testsuite> <!-- Test 1 -->
