<?xml version="1.0" encoding="UTF-8"?>
<!-- Generated by org.testng.reporters.JUnitXMLReporter -->
<testsuite hostname="LMTN202461" name="Test 1" tests="3" failures="0" timestamp="16 Dec 2014 17:14:24 GMT" time="0.234" errors="0">
  <testcase name="test1" time="0.058" classname="com.qtpselenium.framework.datadriven.suiteB.Test1">
    <skipped/>
  </testcase> <!-- test1 -->
  <testcase name="test1" time="0.067" classname="com.qtpselenium.framework.datadriven.suiteB.Test1">
    <skipped/>
  </testcase> <!-- test1 -->
  <testcase name="test1" time="0.063" classname="com.qtpselenium.framework.datadriven.suiteB.Test1">
    <skipped/>
  </testcase> <!-- test1 -->
</testsuite> <!-- Test 1 -->
