<?xml version="1.0" encoding="UTF-8"?>
<!-- Generated by org.testng.reporters.JUnitXMLReporter -->
<testsuite hostname="LMTN202461" name="Test 2" tests="3" failures="0" timestamp="16 Dec 2014 17:14:24 GMT" time="0.264" errors="0">
  <testcase name="test2" time="0.091" classname="com.qtpselenium.framework.datadriven.suiteB.Test2">
    <skipped/>
  </testcase> <!-- test2 -->
  <testcase name="test2" time="0.058" classname="com.qtpselenium.framework.datadriven.suiteB.Test2">
    <skipped/>
  </testcase> <!-- test2 -->
  <testcase name="test2" time="0.08" classname="com.qtpselenium.framework.datadriven.suiteB.Test2">
    <skipped/>
  </testcase> <!-- test2 -->
</testsuite> <!-- Test 2 -->
